<?xml version="1.0" encoding="UTF-8"?>
<!-- Generated by org.testng.reporters.JUnitReportReporter -->
<testsuite hostname="KSPL0212-L" failures="0" tests="1" name="TestClass.OpenAppTest" time="11.214" errors="0" timestamp="24 Feb 2023 10:12:43 GMT" skipped="0">
  <testcase classname="TestClass.OpenAppTest" name="OpenApp" time="11.214"/>
</testsuite> <!-- TestClass.OpenAppTest -->
